{"timestamp":"2025-08-22T06:29:20.037Z","level":"PERFORMANCE","message":"Performance: Warehouse Stock Fetch took 172ms","operation":"Warehouse Stock Fetch","duration":"172ms","storeId":"6878def4ae6e08fa4af88e34","ingredientCount":312,"inventoryCount":124}
{"timestamp":"2025-08-22T06:29:20.187Z","level":"PERFORMANCE","message":"Performance: Warehouse Stock Fetch took 130ms","operation":"Warehouse Stock Fetch","duration":"130ms","storeId":"6878def4ae6e08fa4af88e34","ingredientCount":312,"inventoryCount":124}
{"timestamp":"2025-08-22T06:36:05.093Z","level":"PERFORMANCE","message":"Performance: Slow API Response took 2726ms","operation":"Slow API Response","duration":"2726ms","method":"POST","url":"/api/ingredients/list","statusCode":200}
{"timestamp":"2025-08-22T06:36:05.215Z","level":"PERFORMANCE","message":"Performance: Slow API Response took 3824ms","operation":"Slow API Response","duration":"3824ms","method":"POST","url":"/api/ingredients/list","statusCode":200}
{"timestamp":"2025-08-22T06:40:59.228Z","level":"PERFORMANCE","message":"Performance: Slow API Response took 2197ms","operation":"Slow API Response","duration":"2197ms","method":"POST","url":"/api/ingredients/list","statusCode":200}
{"timestamp":"2025-08-22T06:40:59.696Z","level":"PERFORMANCE","message":"Performance: Slow API Response took 2757ms","operation":"Slow API Response","duration":"2757ms","method":"POST","url":"/api/ingredients/list","statusCode":200}
{"timestamp":"2025-08-22T06:41:55.657Z","level":"PERFORMANCE","message":"Performance: Warehouse Stock Fetch took 226ms","operation":"Warehouse Stock Fetch","duration":"226ms","storeId":"6878df16ae6e08fa4af88e35","ingredientCount":312,"inventoryCount":293}
{"timestamp":"2025-08-22T06:41:56.335Z","level":"PERFORMANCE","message":"Performance: Warehouse Stock Fetch took 164ms","operation":"Warehouse Stock Fetch","duration":"164ms","storeId":"6878df16ae6e08fa4af88e35","ingredientCount":312,"inventoryCount":293}
{"timestamp":"2025-08-22T06:41:58.845Z","level":"PERFORMANCE","message":"Performance: Slow API Response took 2669ms","operation":"Slow API Response","duration":"2669ms","method":"GET","url":"/api/transfer-requests","statusCode":304}
{"timestamp":"2025-08-22T06:42:54.768Z","level":"PERFORMANCE","message":"Performance: Warehouse Stock Fetch took 132ms","operation":"Warehouse Stock Fetch","duration":"132ms","storeId":"6878def4ae6e08fa4af88e34","ingredientCount":312,"inventoryCount":124}
{"timestamp":"2025-08-22T06:44:47.746Z","level":"PERFORMANCE","message":"Performance: Warehouse Stock Fetch took 112ms","operation":"Warehouse Stock Fetch","duration":"112ms","storeId":"6878def4ae6e08fa4af88e34","ingredientCount":312,"inventoryCount":124}
{"timestamp":"2025-08-22T07:04:34.541Z","level":"PERFORMANCE","message":"Performance: Warehouse Stock Fetch took 195ms","operation":"Warehouse Stock Fetch","duration":"195ms","storeId":"6878def4ae6e08fa4af88e34","ingredientCount":312,"inventoryCount":124}
{"timestamp":"2025-08-22T07:17:06.566Z","level":"PERFORMANCE","message":"Performance: Warehouse Stock Fetch took 181ms","operation":"Warehouse Stock Fetch","duration":"181ms","storeId":"6878def4ae6e08fa4af88e34","ingredientCount":312,"inventoryCount":124}
{"timestamp":"2025-08-22T07:17:13.552Z","level":"PERFORMANCE","message":"Performance: Warehouse Stock Fetch took 148ms","operation":"Warehouse Stock Fetch","duration":"148ms","storeId":"6878def4ae6e08fa4af88e34","ingredientCount":312,"inventoryCount":124}
{"timestamp":"2025-08-22T07:22:24.102Z","level":"PERFORMANCE","message":"Performance: Warehouse Stock Fetch took 145ms","operation":"Warehouse Stock Fetch","duration":"145ms","storeId":"6878def4ae6e08fa4af88e34","ingredientCount":312,"inventoryCount":124}
{"timestamp":"2025-08-22T07:22:45.785Z","level":"PERFORMANCE","message":"Performance: Slow API Response took 2176ms","operation":"Slow API Response","duration":"2176ms","method":"POST","url":"/api/ingredients/list","statusCode":200}
{"timestamp":"2025-08-22T07:33:37.379Z","level":"PERFORMANCE","message":"Performance: Warehouse Stock Fetch took 83ms","operation":"Warehouse Stock Fetch","duration":"83ms","storeId":"6878def4ae6e08fa4af88e34","ingredientCount":312,"inventoryCount":124}
{"timestamp":"2025-08-22T08:04:02.363Z","level":"PERFORMANCE","message":"Performance: Warehouse Stock Fetch took 127ms","operation":"Warehouse Stock Fetch","duration":"127ms","storeId":"6878def4ae6e08fa4af88e34","ingredientCount":312,"inventoryCount":124}
{"timestamp":"2025-08-22T08:05:05.165Z","level":"PERFORMANCE","message":"Performance: Warehouse Stock Fetch took 107ms","operation":"Warehouse Stock Fetch","duration":"107ms","storeId":"6878def4ae6e08fa4af88e34","ingredientCount":312,"inventoryCount":124}
{"timestamp":"2025-08-22T08:07:10.385Z","level":"PERFORMANCE","message":"Performance: Warehouse Stock Fetch took 732ms","operation":"Warehouse Stock Fetch","duration":"732ms","storeId":"6878def4ae6e08fa4af88e34","ingredientCount":312,"inventoryCount":124}
{"timestamp":"2025-08-22T08:09:22.087Z","level":"PERFORMANCE","message":"Performance: Warehouse Stock Fetch took 1487ms","operation":"Warehouse Stock Fetch","duration":"1487ms","storeId":"6878def4ae6e08fa4af88e34","ingredientCount":312,"inventoryCount":124}
{"timestamp":"2025-08-22T08:24:35.690Z","level":"PERFORMANCE","message":"Performance: Warehouse Stock Fetch took 373ms","operation":"Warehouse Stock Fetch","duration":"373ms","storeId":"6878def4ae6e08fa4af88e34","ingredientCount":312,"inventoryCount":124}
{"timestamp":"2025-08-22T08:27:53.208Z","level":"PERFORMANCE","message":"Performance: Warehouse Stock Fetch took 209ms","operation":"Warehouse Stock Fetch","duration":"209ms","storeId":"6878def4ae6e08fa4af88e34","ingredientCount":312,"inventoryCount":124}
{"timestamp":"2025-08-22T08:30:18.936Z","level":"PERFORMANCE","message":"Performance: Warehouse Stock Fetch took 92ms","operation":"Warehouse Stock Fetch","duration":"92ms","storeId":"6878def4ae6e08fa4af88e34","ingredientCount":312,"inventoryCount":124}
{"timestamp":"2025-08-22T08:30:23.404Z","level":"PERFORMANCE","message":"Performance: Warehouse Stock Fetch took 141ms","operation":"Warehouse Stock Fetch","duration":"141ms","storeId":"6878def4ae6e08fa4af88e34","ingredientCount":312,"inventoryCount":124}
{"timestamp":"2025-08-22T08:34:16.730Z","level":"PERFORMANCE","message":"Performance: Warehouse Stock Fetch took 112ms","operation":"Warehouse Stock Fetch","duration":"112ms","storeId":"6878def4ae6e08fa4af88e34","ingredientCount":312,"inventoryCount":124}
{"timestamp":"2025-08-22T08:34:48.051Z","level":"PERFORMANCE","message":"Performance: Warehouse Stock Fetch took 92ms","operation":"Warehouse Stock Fetch","duration":"92ms","storeId":"6878def4ae6e08fa4af88e34","ingredientCount":312,"inventoryCount":124}
{"timestamp":"2025-08-22T08:35:05.834Z","level":"PERFORMANCE","message":"Performance: Warehouse Stock Fetch took 151ms","operation":"Warehouse Stock Fetch","duration":"151ms","storeId":"6878def4ae6e08fa4af88e34","ingredientCount":312,"inventoryCount":124}
{"timestamp":"2025-08-22T08:35:32.144Z","level":"PERFORMANCE","message":"Performance: Warehouse Stock Fetch took 95ms","operation":"Warehouse Stock Fetch","duration":"95ms","storeId":"6878def4ae6e08fa4af88e34","ingredientCount":312,"inventoryCount":124}
{"timestamp":"2025-08-22T08:35:37.398Z","level":"PERFORMANCE","message":"Performance: Warehouse Stock Fetch took 158ms","operation":"Warehouse Stock Fetch","duration":"158ms","storeId":"6878def4ae6e08fa4af88e34","ingredientCount":312,"inventoryCount":124}
{"timestamp":"2025-08-22T08:35:39.357Z","level":"PERFORMANCE","message":"Performance: Warehouse Stock Fetch took 107ms","operation":"Warehouse Stock Fetch","duration":"107ms","storeId":"6878def4ae6e08fa4af88e34","ingredientCount":312,"inventoryCount":124}
{"timestamp":"2025-08-22T08:35:45.157Z","level":"PERFORMANCE","message":"Performance: Warehouse Stock Fetch took 84ms","operation":"Warehouse Stock Fetch","duration":"84ms","storeId":"6878def4ae6e08fa4af88e34","ingredientCount":312,"inventoryCount":124}
{"timestamp":"2025-08-22T08:35:48.628Z","level":"PERFORMANCE","message":"Performance: Warehouse Stock Fetch took 108ms","operation":"Warehouse Stock Fetch","duration":"108ms","storeId":"6878def4ae6e08fa4af88e34","ingredientCount":312,"inventoryCount":124}
{"timestamp":"2025-08-22T08:35:51.991Z","level":"PERFORMANCE","message":"Performance: Warehouse Stock Fetch took 109ms","operation":"Warehouse Stock Fetch","duration":"109ms","storeId":"6878def4ae6e08fa4af88e34","ingredientCount":312,"inventoryCount":124}
{"timestamp":"2025-08-22T08:36:05.916Z","level":"PERFORMANCE","message":"Performance: Warehouse Stock Fetch took 86ms","operation":"Warehouse Stock Fetch","duration":"86ms","storeId":"6878def4ae6e08fa4af88e34","ingredientCount":312,"inventoryCount":124}
{"timestamp":"2025-08-22T08:40:16.342Z","level":"PERFORMANCE","message":"Performance: Slow API Response took 2057ms","operation":"Slow API Response","duration":"2057ms","method":"POST","url":"/api/ingredients/list","statusCode":200}
{"timestamp":"2025-08-22T08:40:16.712Z","level":"PERFORMANCE","message":"Performance: Slow API Response took 2333ms","operation":"Slow API Response","duration":"2333ms","method":"POST","url":"/api/ingredients/list","statusCode":200}
{"timestamp":"2025-08-22T08:40:16.950Z","level":"PERFORMANCE","message":"Performance: Slow API Response took 2386ms","operation":"Slow API Response","duration":"2386ms","method":"POST","url":"/api/ingredients/list","statusCode":200}
{"timestamp":"2025-08-22T08:40:16.955Z","level":"PERFORMANCE","message":"Performance: Slow API Response took 2258ms","operation":"Slow API Response","duration":"2258ms","method":"POST","url":"/api/ingredients/list","statusCode":200}
{"timestamp":"2025-08-22T08:40:17.245Z","level":"PERFORMANCE","message":"Performance: Slow API Response took 2518ms","operation":"Slow API Response","duration":"2518ms","method":"POST","url":"/api/bread-types/list","statusCode":200}
{"timestamp":"2025-08-22T08:43:41.272Z","level":"PERFORMANCE","message":"Performance: Warehouse Stock Fetch took 120ms","operation":"Warehouse Stock Fetch","duration":"120ms","storeId":"6878def4ae6e08fa4af88e34","ingredientCount":312,"inventoryCount":124}
{"timestamp":"2025-08-22T08:52:55.859Z","level":"PERFORMANCE","message":"Performance: Warehouse Stock Fetch took 144ms","operation":"Warehouse Stock Fetch","duration":"144ms","storeId":"6878def4ae6e08fa4af88e34","ingredientCount":312,"inventoryCount":124}
{"timestamp":"2025-08-22T08:52:56.369Z","level":"PERFORMANCE","message":"Performance: Warehouse Stock Fetch took 193ms","operation":"Warehouse Stock Fetch","duration":"193ms","storeId":"6878def4ae6e08fa4af88e34","ingredientCount":312,"inventoryCount":124}
{"timestamp":"2025-08-22T08:52:56.936Z","level":"PERFORMANCE","message":"Performance: Warehouse Stock Fetch took 116ms","operation":"Warehouse Stock Fetch","duration":"116ms","storeId":"6878def4ae6e08fa4af88e34","ingredientCount":312,"inventoryCount":124}
{"timestamp":"2025-08-22T08:52:57.490Z","level":"PERFORMANCE","message":"Performance: Warehouse Stock Fetch took 128ms","operation":"Warehouse Stock Fetch","duration":"128ms","storeId":"6878def4ae6e08fa4af88e34","ingredientCount":312,"inventoryCount":124}
{"timestamp":"2025-08-22T08:58:34.746Z","level":"PERFORMANCE","message":"Performance: Warehouse Stock Fetch took 193ms","operation":"Warehouse Stock Fetch","duration":"193ms","storeId":"6878def4ae6e08fa4af88e34","ingredientCount":312,"inventoryCount":124}
{"timestamp":"2025-08-22T08:58:36.185Z","level":"PERFORMANCE","message":"Performance: Warehouse Stock Fetch took 95ms","operation":"Warehouse Stock Fetch","duration":"95ms","storeId":"6878def4ae6e08fa4af88e34","ingredientCount":312,"inventoryCount":124}
{"timestamp":"2025-08-22T09:01:30.591Z","level":"PERFORMANCE","message":"Performance: Warehouse Stock Fetch took 115ms","operation":"Warehouse Stock Fetch","duration":"115ms","storeId":"6878def4ae6e08fa4af88e34","ingredientCount":312,"inventoryCount":124}
{"timestamp":"2025-08-22T09:03:56.796Z","level":"PERFORMANCE","message":"Performance: Warehouse Stock Fetch took 179ms","operation":"Warehouse Stock Fetch","duration":"179ms","storeId":"6878def4ae6e08fa4af88e34","ingredientCount":312,"inventoryCount":124}
{"timestamp":"2025-08-22T09:04:06.566Z","level":"PERFORMANCE","message":"Performance: Warehouse Stock Fetch took 156ms","operation":"Warehouse Stock Fetch","duration":"156ms","storeId":"6878def4ae6e08fa4af88e34","ingredientCount":312,"inventoryCount":124}
{"timestamp":"2025-08-22T09:06:01.675Z","level":"PERFORMANCE","message":"Performance: Warehouse Stock Fetch took 155ms","operation":"Warehouse Stock Fetch","duration":"155ms","storeId":"6878def4ae6e08fa4af88e34","ingredientCount":312,"inventoryCount":124}
{"timestamp":"2025-08-22T09:06:34.773Z","level":"PERFORMANCE","message":"Performance: Warehouse Stock Fetch took 1169ms","operation":"Warehouse Stock Fetch","duration":"1169ms","storeId":"6878def4ae6e08fa4af88e34","ingredientCount":312,"inventoryCount":124}
{"timestamp":"2025-08-22T09:07:30.445Z","level":"PERFORMANCE","message":"Performance: Warehouse Stock Fetch took 151ms","operation":"Warehouse Stock Fetch","duration":"151ms","storeId":"6878def4ae6e08fa4af88e34","ingredientCount":312,"inventoryCount":124}
{"timestamp":"2025-08-22T09:08:14.511Z","level":"PERFORMANCE","message":"Performance: Warehouse Stock Fetch took 112ms","operation":"Warehouse Stock Fetch","duration":"112ms","storeId":"6878def4ae6e08fa4af88e34","ingredientCount":312,"inventoryCount":124}
{"timestamp":"2025-08-22T09:14:19.263Z","level":"PERFORMANCE","message":"Performance: Warehouse Stock Fetch took 119ms","operation":"Warehouse Stock Fetch","duration":"119ms","storeId":"6878def4ae6e08fa4af88e34","ingredientCount":312,"inventoryCount":124}
{"timestamp":"2025-08-22T09:17:27.588Z","level":"PERFORMANCE","message":"Performance: Warehouse Stock Fetch took 113ms","operation":"Warehouse Stock Fetch","duration":"113ms","storeId":"6878def4ae6e08fa4af88e34","ingredientCount":312,"inventoryCount":124}
{"timestamp":"2025-08-22T09:24:41.605Z","level":"PERFORMANCE","message":"Performance: Warehouse Stock Fetch took 302ms","operation":"Warehouse Stock Fetch","duration":"302ms","storeId":"6878def4ae6e08fa4af88e34","ingredientCount":312,"inventoryCount":124}
{"timestamp":"2025-08-22T09:24:51.476Z","level":"PERFORMANCE","message":"Performance: Warehouse Stock Fetch took 97ms","operation":"Warehouse Stock Fetch","duration":"97ms","storeId":"6878def4ae6e08fa4af88e34","ingredientCount":312,"inventoryCount":124}
{"timestamp":"2025-08-22T09:24:57.890Z","level":"PERFORMANCE","message":"Performance: Warehouse Stock Fetch took 138ms","operation":"Warehouse Stock Fetch","duration":"138ms","storeId":"6878def4ae6e08fa4af88e34","ingredientCount":312,"inventoryCount":124}
{"timestamp":"2025-08-22T09:24:58.228Z","level":"PERFORMANCE","message":"Performance: Warehouse Stock Fetch took 107ms","operation":"Warehouse Stock Fetch","duration":"107ms","storeId":"6878def4ae6e08fa4af88e34","ingredientCount":312,"inventoryCount":124}
{"timestamp":"2025-08-22T09:33:29.104Z","level":"PERFORMANCE","message":"Performance: Slow API Response took 2692ms","operation":"Slow API Response","duration":"2692ms","method":"POST","url":"/api/ingredients/list","statusCode":200}
{"timestamp":"2025-08-22T09:33:39.742Z","level":"PERFORMANCE","message":"Performance: Warehouse Stock Fetch took 203ms","operation":"Warehouse Stock Fetch","duration":"203ms","storeId":"6878def4ae6e08fa4af88e34","ingredientCount":312,"inventoryCount":124}
{"timestamp":"2025-08-22T09:34:33.569Z","level":"PERFORMANCE","message":"Performance: Warehouse Stock Fetch took 126ms","operation":"Warehouse Stock Fetch","duration":"126ms","storeId":"6878def4ae6e08fa4af88e34","ingredientCount":312,"inventoryCount":124}
{"timestamp":"2025-08-22T09:39:28.430Z","level":"PERFORMANCE","message":"Performance: Warehouse Stock Fetch took 114ms","operation":"Warehouse Stock Fetch","duration":"114ms","storeId":"6878def4ae6e08fa4af88e34","ingredientCount":312,"inventoryCount":124}
{"timestamp":"2025-08-22T11:22:54.138Z","level":"PERFORMANCE","message":"Performance: Slow API Response took 2136ms","operation":"Slow API Response","duration":"2136ms","method":"POST","url":"/api/ingredients/list","statusCode":200}
{"timestamp":"2025-08-22T11:31:12.829Z","level":"PERFORMANCE","message":"Performance: Slow API Response took 2612ms","operation":"Slow API Response","duration":"2612ms","method":"POST","url":"/api/ingredients/list","statusCode":200}
{"timestamp":"2025-08-22T11:31:13.612Z","level":"PERFORMANCE","message":"Performance: Slow API Response took 2571ms","operation":"Slow API Response","duration":"2571ms","method":"POST","url":"/api/ingredients/list","statusCode":200}
{"timestamp":"2025-08-22T12:09:05.509Z","level":"PERFORMANCE","message":"Performance: Warehouse Stock Fetch took 102ms","operation":"Warehouse Stock Fetch","duration":"102ms","storeId":"6878def4ae6e08fa4af88e34","ingredientCount":312,"inventoryCount":124}
{"timestamp":"2025-08-22T13:09:24.499Z","level":"PERFORMANCE","message":"Performance: Warehouse Stock Fetch took 101ms","operation":"Warehouse Stock Fetch","duration":"101ms","storeId":"6878def4ae6e08fa4af88e34","ingredientCount":312,"inventoryCount":124}
{"timestamp":"2025-08-22T13:10:18.009Z","level":"PERFORMANCE","message":"Performance: Warehouse Stock Fetch took 167ms","operation":"Warehouse Stock Fetch","duration":"167ms","storeId":"6878def4ae6e08fa4af88e34","ingredientCount":312,"inventoryCount":124}
{"timestamp":"2025-08-22T13:11:17.704Z","level":"PERFORMANCE","message":"Performance: Slow API Response took 4411ms","operation":"Slow API Response","duration":"4411ms","method":"GET","url":"/api/production-loss/stats?startDate=2025-08-18&endDate=2025-08-24","statusCode":200}
{"timestamp":"2025-08-22T13:11:17.729Z","level":"PERFORMANCE","message":"Performance: Slow API Response took 4434ms","operation":"Slow API Response","duration":"4434ms","method":"GET","url":"/api/production-loss/records?startDate=2025-08-18&endDate=2025-08-24&limit=20","statusCode":200}
{"timestamp":"2025-08-22T13:11:18.076Z","level":"PERFORMANCE","message":"Performance: Slow API Response took 4782ms","operation":"Slow API Response","duration":"4782ms","method":"GET","url":"/api/production-loss/products","statusCode":200}
{"timestamp":"2025-08-22T13:11:35.850Z","level":"PERFORMANCE","message":"Performance: Warehouse Stock Fetch took 127ms","operation":"Warehouse Stock Fetch","duration":"127ms","storeId":"6878def4ae6e08fa4af88e34","ingredientCount":312,"inventoryCount":124}
{"timestamp":"2025-08-22T15:58:28.432Z","level":"PERFORMANCE","message":"Performance: Warehouse Stock Fetch took 103ms","operation":"Warehouse Stock Fetch","duration":"103ms","storeId":"6878df16ae6e08fa4af88e35","ingredientCount":312,"inventoryCount":293}
{"timestamp":"2025-08-22T15:59:59.582Z","level":"PERFORMANCE","message":"Performance: Warehouse Stock Fetch took 77ms","operation":"Warehouse Stock Fetch","duration":"77ms","storeId":"6878def4ae6e08fa4af88e34","ingredientCount":312,"inventoryCount":124}
{"timestamp":"2025-08-22T16:03:01.640Z","level":"PERFORMANCE","message":"Performance: Warehouse Stock Fetch took 93ms","operation":"Warehouse Stock Fetch","duration":"93ms","storeId":"6878def4ae6e08fa4af88e34","ingredientCount":312,"inventoryCount":124}
{"timestamp":"2025-08-22T16:12:01.967Z","level":"PERFORMANCE","message":"Performance: Warehouse Stock Fetch took 100ms","operation":"Warehouse Stock Fetch","duration":"100ms","storeId":"6878def4ae6e08fa4af88e34","ingredientCount":312,"inventoryCount":124}
{"timestamp":"2025-08-22T16:13:12.248Z","level":"PERFORMANCE","message":"Performance: Warehouse Stock Fetch took 85ms","operation":"Warehouse Stock Fetch","duration":"85ms","storeId":"6878def4ae6e08fa4af88e34","ingredientCount":312,"inventoryCount":124}
{"timestamp":"2025-08-22T16:52:44.223Z","level":"PERFORMANCE","message":"Performance: Warehouse Stock Fetch took 88ms","operation":"Warehouse Stock Fetch","duration":"88ms","storeId":"6878def4ae6e08fa4af88e34","ingredientCount":312,"inventoryCount":124}
{"timestamp":"2025-08-22T17:12:10.634Z","level":"PERFORMANCE","message":"Performance: Warehouse Stock Fetch took 87ms","operation":"Warehouse Stock Fetch","duration":"87ms","storeId":"6878def4ae6e08fa4af88e34","ingredientCount":312,"inventoryCount":124}
{"timestamp":"2025-08-22T17:18:00.648Z","level":"PERFORMANCE","message":"Performance: Warehouse Stock Fetch took 84ms","operation":"Warehouse Stock Fetch","duration":"84ms","storeId":"6878def4ae6e08fa4af88e34","ingredientCount":312,"inventoryCount":124}
{"timestamp":"2025-08-22T17:18:11.955Z","level":"PERFORMANCE","message":"Performance: Warehouse Stock Fetch took 84ms","operation":"Warehouse Stock Fetch","duration":"84ms","storeId":"6878def4ae6e08fa4af88e34","ingredientCount":312,"inventoryCount":124}
{"timestamp":"2025-08-22T17:19:59.011Z","level":"PERFORMANCE","message":"Performance: Warehouse Stock Fetch took 88ms","operation":"Warehouse Stock Fetch","duration":"88ms","storeId":"6878def4ae6e08fa4af88e34","ingredientCount":312,"inventoryCount":124}
{"timestamp":"2025-08-22T17:23:00.713Z","level":"PERFORMANCE","message":"Performance: Warehouse Stock Fetch took 109ms","operation":"Warehouse Stock Fetch","duration":"109ms","storeId":"6878def4ae6e08fa4af88e34","ingredientCount":312,"inventoryCount":124}
{"timestamp":"2025-08-22T17:24:15.390Z","level":"PERFORMANCE","message":"Performance: Warehouse Stock Fetch took 89ms","operation":"Warehouse Stock Fetch","duration":"89ms","storeId":"6878def4ae6e08fa4af88e34","ingredientCount":312,"inventoryCount":124}
{"timestamp":"2025-08-22T17:47:52.542Z","level":"PERFORMANCE","message":"Performance: Warehouse Stock Fetch took 81ms","operation":"Warehouse Stock Fetch","duration":"81ms","storeId":"6878def4ae6e08fa4af88e34","ingredientCount":312,"inventoryCount":124}
{"timestamp":"2025-08-22T17:47:53.535Z","level":"PERFORMANCE","message":"Performance: Warehouse Stock Fetch took 103ms","operation":"Warehouse Stock Fetch","duration":"103ms","storeId":"6878def4ae6e08fa4af88e34","ingredientCount":312,"inventoryCount":124}
{"timestamp":"2025-08-22T17:47:53.917Z","level":"PERFORMANCE","message":"Performance: Warehouse Stock Fetch took 89ms","operation":"Warehouse Stock Fetch","duration":"89ms","storeId":"6878def4ae6e08fa4af88e34","ingredientCount":312,"inventoryCount":124}
{"timestamp":"2025-08-22T17:53:13.056Z","level":"PERFORMANCE","message":"Performance: Warehouse Stock Fetch took 90ms","operation":"Warehouse Stock Fetch","duration":"90ms","storeId":"6878def4ae6e08fa4af88e34","ingredientCount":312,"inventoryCount":124}
{"timestamp":"2025-08-22T18:54:58.521Z","level":"PERFORMANCE","message":"Performance: Warehouse Stock Fetch took 247ms","operation":"Warehouse Stock Fetch","duration":"247ms","storeId":"6878def4ae6e08fa4af88e34","ingredientCount":312,"inventoryCount":124}
{"timestamp":"2025-08-22T19:01:23.305Z","level":"PERFORMANCE","message":"Performance: Warehouse Stock Fetch took 122ms","operation":"Warehouse Stock Fetch","duration":"122ms","storeId":"6878def4ae6e08fa4af88e34","ingredientCount":312,"inventoryCount":124}
{"timestamp":"2025-08-22T19:01:28.700Z","level":"PERFORMANCE","message":"Performance: Warehouse Stock Fetch took 103ms","operation":"Warehouse Stock Fetch","duration":"103ms","storeId":"6878def4ae6e08fa4af88e34","ingredientCount":312,"inventoryCount":124}
{"timestamp":"2025-08-22T19:02:25.871Z","level":"PERFORMANCE","message":"Performance: Warehouse Stock Fetch took 95ms","operation":"Warehouse Stock Fetch","duration":"95ms","storeId":"6878def4ae6e08fa4af88e34","ingredientCount":312,"inventoryCount":124}
{"timestamp":"2025-08-22T19:02:26.656Z","level":"PERFORMANCE","message":"Performance: Warehouse Stock Fetch took 123ms","operation":"Warehouse Stock Fetch","duration":"123ms","storeId":"6878def4ae6e08fa4af88e34","ingredientCount":312,"inventoryCount":124}
{"timestamp":"2025-08-22T19:02:45.952Z","level":"PERFORMANCE","message":"Performance: Warehouse Stock Fetch took 88ms","operation":"Warehouse Stock Fetch","duration":"88ms","storeId":"6878def4ae6e08fa4af88e34","ingredientCount":312,"inventoryCount":124}
{"timestamp":"2025-08-22T19:02:47.481Z","level":"PERFORMANCE","message":"Performance: Warehouse Stock Fetch took 90ms","operation":"Warehouse Stock Fetch","duration":"90ms","storeId":"6878def4ae6e08fa4af88e34","ingredientCount":312,"inventoryCount":124}
{"timestamp":"2025-08-22T19:05:31.842Z","level":"PERFORMANCE","message":"Performance: Warehouse Stock Fetch took 121ms","operation":"Warehouse Stock Fetch","duration":"121ms","storeId":"6878def4ae6e08fa4af88e34","ingredientCount":312,"inventoryCount":124}
{"timestamp":"2025-08-22T19:05:38.552Z","level":"PERFORMANCE","message":"Performance: Warehouse Stock Fetch took 89ms","operation":"Warehouse Stock Fetch","duration":"89ms","storeId":"6878def4ae6e08fa4af88e34","ingredientCount":312,"inventoryCount":124}
{"timestamp":"2025-08-22T19:10:17.498Z","level":"PERFORMANCE","message":"Performance: Warehouse Stock Fetch took 94ms","operation":"Warehouse Stock Fetch","duration":"94ms","storeId":"6878def4ae6e08fa4af88e34","ingredientCount":312,"inventoryCount":124}
{"timestamp":"2025-08-22T19:10:19.967Z","level":"PERFORMANCE","message":"Performance: Warehouse Stock Fetch took 91ms","operation":"Warehouse Stock Fetch","duration":"91ms","storeId":"6878def4ae6e08fa4af88e34","ingredientCount":312,"inventoryCount":124}
{"timestamp":"2025-08-22T19:10:23.284Z","level":"PERFORMANCE","message":"Performance: Warehouse Stock Fetch took 93ms","operation":"Warehouse Stock Fetch","duration":"93ms","storeId":"6878def4ae6e08fa4af88e34","ingredientCount":312,"inventoryCount":124}
{"timestamp":"2025-08-22T19:10:26.712Z","level":"PERFORMANCE","message":"Performance: Warehouse Stock Fetch took 91ms","operation":"Warehouse Stock Fetch","duration":"91ms","storeId":"6878def4ae6e08fa4af88e34","ingredientCount":312,"inventoryCount":124}
{"timestamp":"2025-08-22T19:11:13.147Z","level":"PERFORMANCE","message":"Performance: Warehouse Stock Fetch took 124ms","operation":"Warehouse Stock Fetch","duration":"124ms","storeId":"6878def4ae6e08fa4af88e34","ingredientCount":312,"inventoryCount":124}
{"timestamp":"2025-08-22T19:11:13.271Z","level":"PERFORMANCE","message":"Performance: Warehouse Stock Fetch took 89ms","operation":"Warehouse Stock Fetch","duration":"89ms","storeId":"6878def4ae6e08fa4af88e34","ingredientCount":312,"inventoryCount":124}
{"timestamp":"2025-08-22T19:11:34.217Z","level":"PERFORMANCE","message":"Performance: Warehouse Stock Fetch took 91ms","operation":"Warehouse Stock Fetch","duration":"91ms","storeId":"6878def4ae6e08fa4af88e34","ingredientCount":312,"inventoryCount":124}
{"timestamp":"2025-08-22T19:11:34.341Z","level":"PERFORMANCE","message":"Performance: Warehouse Stock Fetch took 114ms","operation":"Warehouse Stock Fetch","duration":"114ms","storeId":"6878def4ae6e08fa4af88e34","ingredientCount":312,"inventoryCount":124}
{"timestamp":"2025-08-22T19:12:55.658Z","level":"PERFORMANCE","message":"Performance: Warehouse Stock Fetch took 93ms","operation":"Warehouse Stock Fetch","duration":"93ms","storeId":"6878def4ae6e08fa4af88e34","ingredientCount":312,"inventoryCount":124}
{"timestamp":"2025-08-22T19:12:55.967Z","level":"PERFORMANCE","message":"Performance: Warehouse Stock Fetch took 120ms","operation":"Warehouse Stock Fetch","duration":"120ms","storeId":"6878def4ae6e08fa4af88e34","ingredientCount":312,"inventoryCount":124}
{"timestamp":"2025-08-22T19:13:07.030Z","level":"PERFORMANCE","message":"Performance: Warehouse Stock Fetch took 89ms","operation":"Warehouse Stock Fetch","duration":"89ms","storeId":"6878def4ae6e08fa4af88e34","ingredientCount":312,"inventoryCount":124}
{"timestamp":"2025-08-22T19:13:07.156Z","level":"PERFORMANCE","message":"Performance: Warehouse Stock Fetch took 116ms","operation":"Warehouse Stock Fetch","duration":"116ms","storeId":"6878def4ae6e08fa4af88e34","ingredientCount":312,"inventoryCount":124}
{"timestamp":"2025-08-22T19:38:22.016Z","level":"PERFORMANCE","message":"Performance: Warehouse Stock Fetch took 95ms","operation":"Warehouse Stock Fetch","duration":"95ms","storeId":"6878def4ae6e08fa4af88e34","ingredientCount":312,"inventoryCount":124}
{"timestamp":"2025-08-22T19:40:44.337Z","level":"PERFORMANCE","message":"Performance: Warehouse Stock Fetch took 92ms","operation":"Warehouse Stock Fetch","duration":"92ms","storeId":"6878def4ae6e08fa4af88e34","ingredientCount":312,"inventoryCount":124}
{"timestamp":"2025-08-22T19:40:44.554Z","level":"PERFORMANCE","message":"Performance: Warehouse Stock Fetch took 89ms","operation":"Warehouse Stock Fetch","duration":"89ms","storeId":"6878def4ae6e08fa4af88e34","ingredientCount":312,"inventoryCount":124}
{"timestamp":"2025-08-22T19:41:02.645Z","level":"PERFORMANCE","message":"Performance: Warehouse Stock Fetch took 114ms","operation":"Warehouse Stock Fetch","duration":"114ms","storeId":"6878def4ae6e08fa4af88e34","ingredientCount":312,"inventoryCount":124}
{"timestamp":"2025-08-22T19:41:02.763Z","level":"PERFORMANCE","message":"Performance: Warehouse Stock Fetch took 110ms","operation":"Warehouse Stock Fetch","duration":"110ms","storeId":"6878def4ae6e08fa4af88e34","ingredientCount":312,"inventoryCount":124}
{"timestamp":"2025-08-22T20:10:47.263Z","level":"PERFORMANCE","message":"Performance: Warehouse Stock Fetch took 92ms","operation":"Warehouse Stock Fetch","duration":"92ms","storeId":"6878def4ae6e08fa4af88e34","ingredientCount":312,"inventoryCount":124}
{"timestamp":"2025-08-22T20:12:15.876Z","level":"PERFORMANCE","message":"Performance: Warehouse Stock Fetch took 108ms","operation":"Warehouse Stock Fetch","duration":"108ms","storeId":"6878def4ae6e08fa4af88e34","ingredientCount":312,"inventoryCount":124}
{"timestamp":"2025-08-22T20:12:16.320Z","level":"PERFORMANCE","message":"Performance: Warehouse Stock Fetch took 85ms","operation":"Warehouse Stock Fetch","duration":"85ms","storeId":"6878def4ae6e08fa4af88e34","ingredientCount":312,"inventoryCount":124}
{"timestamp":"2025-08-22T20:12:36.874Z","level":"PERFORMANCE","message":"Performance: Warehouse Stock Fetch took 85ms","operation":"Warehouse Stock Fetch","duration":"85ms","storeId":"6878def4ae6e08fa4af88e34","ingredientCount":312,"inventoryCount":124}
{"timestamp":"2025-08-22T20:12:37.984Z","level":"PERFORMANCE","message":"Performance: Warehouse Stock Fetch took 114ms","operation":"Warehouse Stock Fetch","duration":"114ms","storeId":"6878def4ae6e08fa4af88e34","ingredientCount":312,"inventoryCount":124}
{"timestamp":"2025-08-22T20:12:52.796Z","level":"PERFORMANCE","message":"Performance: Warehouse Stock Fetch took 115ms","operation":"Warehouse Stock Fetch","duration":"115ms","storeId":"6878def4ae6e08fa4af88e34","ingredientCount":312,"inventoryCount":124}
{"timestamp":"2025-08-22T20:12:53.243Z","level":"PERFORMANCE","message":"Performance: Warehouse Stock Fetch took 87ms","operation":"Warehouse Stock Fetch","duration":"87ms","storeId":"6878def4ae6e08fa4af88e34","ingredientCount":312,"inventoryCount":124}
{"timestamp":"2025-08-22T20:12:53.722Z","level":"PERFORMANCE","message":"Performance: Warehouse Stock Fetch took 107ms","operation":"Warehouse Stock Fetch","duration":"107ms","storeId":"6878def4ae6e08fa4af88e34","ingredientCount":312,"inventoryCount":124}
{"timestamp":"2025-08-22T20:12:54.125Z","level":"PERFORMANCE","message":"Performance: Warehouse Stock Fetch took 113ms","operation":"Warehouse Stock Fetch","duration":"113ms","storeId":"6878def4ae6e08fa4af88e34","ingredientCount":312,"inventoryCount":124}
