{"timestamp":"2025-08-23T06:02:22.347Z","level":"PERFORMANCE","message":"Performance: Warehouse Stock Fetch took 97ms","operation":"Warehouse Stock Fetch","duration":"97ms","storeId":"6878def4ae6e08fa4af88e34","ingredientCount":312,"inventoryCount":124}
{"timestamp":"2025-08-23T06:02:35.612Z","level":"PERFORMANCE","message":"Performance: Warehouse Stock Fetch took 114ms","operation":"Warehouse Stock Fetch","duration":"114ms","storeId":"6878def4ae6e08fa4af88e34","ingredientCount":312,"inventoryCount":124}
{"timestamp":"2025-08-23T06:08:09.774Z","level":"PERFORMANCE","message":"Performance: Warehouse Stock Fetch took 98ms","operation":"Warehouse Stock Fetch","duration":"98ms","storeId":"6878def4ae6e08fa4af88e34","ingredientCount":312,"inventoryCount":124}
{"timestamp":"2025-08-23T06:12:10.300Z","level":"PERFORMANCE","message":"Performance: Warehouse Stock Fetch took 152ms","operation":"Warehouse Stock Fetch","duration":"152ms","storeId":"6878def4ae6e08fa4af88e34","ingredientCount":312,"inventoryCount":124}
{"timestamp":"2025-08-23T06:12:22.795Z","level":"PERFORMANCE","message":"Performance: Warehouse Stock Fetch took 98ms","operation":"Warehouse Stock Fetch","duration":"98ms","storeId":"6878def4ae6e08fa4af88e34","ingredientCount":312,"inventoryCount":124}
{"timestamp":"2025-08-23T06:13:36.965Z","level":"PERFORMANCE","message":"Performance: Warehouse Stock Fetch took 121ms","operation":"Warehouse Stock Fetch","duration":"121ms","storeId":"6878def4ae6e08fa4af88e34","ingredientCount":312,"inventoryCount":124}
{"timestamp":"2025-08-23T06:13:37.065Z","level":"PERFORMANCE","message":"Performance: Warehouse Stock Fetch took 90ms","operation":"Warehouse Stock Fetch","duration":"90ms","storeId":"6878def4ae6e08fa4af88e34","ingredientCount":312,"inventoryCount":124}
{"timestamp":"2025-08-23T06:16:39.223Z","level":"PERFORMANCE","message":"Performance: Warehouse Stock Fetch took 90ms","operation":"Warehouse Stock Fetch","duration":"90ms","storeId":"6878def4ae6e08fa4af88e34","ingredientCount":312,"inventoryCount":124}
{"timestamp":"2025-08-23T06:16:39.695Z","level":"PERFORMANCE","message":"Performance: Warehouse Stock Fetch took 99ms","operation":"Warehouse Stock Fetch","duration":"99ms","storeId":"6878def4ae6e08fa4af88e34","ingredientCount":312,"inventoryCount":124}
{"timestamp":"2025-08-23T06:16:39.846Z","level":"PERFORMANCE","message":"Performance: Warehouse Stock Fetch took 144ms","operation":"Warehouse Stock Fetch","duration":"144ms","storeId":"6878def4ae6e08fa4af88e34","ingredientCount":312,"inventoryCount":124}
{"timestamp":"2025-08-23T06:16:47.848Z","level":"PERFORMANCE","message":"Performance: Warehouse Stock Fetch took 126ms","operation":"Warehouse Stock Fetch","duration":"126ms","storeId":"6878def4ae6e08fa4af88e34","ingredientCount":312,"inventoryCount":124}
{"timestamp":"2025-08-23T06:16:47.952Z","level":"PERFORMANCE","message":"Performance: Warehouse Stock Fetch took 96ms","operation":"Warehouse Stock Fetch","duration":"96ms","storeId":"6878def4ae6e08fa4af88e34","ingredientCount":312,"inventoryCount":124}
{"timestamp":"2025-08-23T06:16:48.049Z","level":"PERFORMANCE","message":"Performance: Warehouse Stock Fetch took 90ms","operation":"Warehouse Stock Fetch","duration":"90ms","storeId":"6878def4ae6e08fa4af88e34","ingredientCount":312,"inventoryCount":124}
{"timestamp":"2025-08-23T06:21:14.603Z","level":"PERFORMANCE","message":"Performance: Warehouse Stock Fetch took 77ms","operation":"Warehouse Stock Fetch","duration":"77ms","storeId":"6878def4ae6e08fa4af88e34","ingredientCount":312,"inventoryCount":124}
{"timestamp":"2025-08-23T06:21:14.741Z","level":"PERFORMANCE","message":"Performance: Warehouse Stock Fetch took 129ms","operation":"Warehouse Stock Fetch","duration":"129ms","storeId":"6878def4ae6e08fa4af88e34","ingredientCount":312,"inventoryCount":124}
{"timestamp":"2025-08-23T06:21:38.971Z","level":"PERFORMANCE","message":"Performance: Warehouse Stock Fetch took 112ms","operation":"Warehouse Stock Fetch","duration":"112ms","storeId":"6878def4ae6e08fa4af88e34","ingredientCount":312,"inventoryCount":124}
{"timestamp":"2025-08-23T06:21:39.081Z","level":"PERFORMANCE","message":"Performance: Warehouse Stock Fetch took 102ms","operation":"Warehouse Stock Fetch","duration":"102ms","storeId":"6878def4ae6e08fa4af88e34","ingredientCount":312,"inventoryCount":124}
{"timestamp":"2025-08-23T06:21:57.279Z","level":"PERFORMANCE","message":"Performance: Warehouse Stock Fetch took 92ms","operation":"Warehouse Stock Fetch","duration":"92ms","storeId":"6878def4ae6e08fa4af88e34","ingredientCount":312,"inventoryCount":124}
{"timestamp":"2025-08-23T06:48:09.120Z","level":"PERFORMANCE","message":"Performance: Warehouse Stock Fetch took 82ms","operation":"Warehouse Stock Fetch","duration":"82ms","storeId":"6878def4ae6e08fa4af88e34","ingredientCount":312,"inventoryCount":124}
{"timestamp":"2025-08-23T06:48:09.246Z","level":"PERFORMANCE","message":"Performance: Warehouse Stock Fetch took 117ms","operation":"Warehouse Stock Fetch","duration":"117ms","storeId":"6878def4ae6e08fa4af88e34","ingredientCount":312,"inventoryCount":124}
{"timestamp":"2025-08-23T06:54:32.764Z","level":"PERFORMANCE","message":"Performance: Slow API Response took 2509ms","operation":"Slow API Response","duration":"2509ms","method":"GET","url":"/api/expense/by-date?date=2025-08-23","statusCode":200}
{"timestamp":"2025-08-23T06:54:32.768Z","level":"PERFORMANCE","message":"Performance: Slow API Response took 2515ms","operation":"Slow API Response","duration":"2515ms","method":"GET","url":"/api/expense/records?startDate=2025-08-01&endDate=2025-08-31&limit=50","statusCode":200}
{"timestamp":"2025-08-23T06:54:33.207Z","level":"PERFORMANCE","message":"Performance: Slow API Response took 2956ms","operation":"Slow API Response","duration":"2956ms","method":"GET","url":"/api/expense/stats?startDate=2025-08-01&endDate=2025-08-31","statusCode":200}
{"timestamp":"2025-08-23T07:10:24.337Z","level":"PERFORMANCE","message":"Performance: Warehouse Stock Fetch took 103ms","operation":"Warehouse Stock Fetch","duration":"103ms","storeId":"6878def4ae6e08fa4af88e34","ingredientCount":312,"inventoryCount":124}
{"timestamp":"2025-08-23T07:10:24.443Z","level":"PERFORMANCE","message":"Performance: Warehouse Stock Fetch took 100ms","operation":"Warehouse Stock Fetch","duration":"100ms","storeId":"6878def4ae6e08fa4af88e34","ingredientCount":312,"inventoryCount":124}
{"timestamp":"2025-08-23T07:10:26.214Z","level":"PERFORMANCE","message":"Performance: Warehouse Stock Fetch took 96ms","operation":"Warehouse Stock Fetch","duration":"96ms","storeId":"6878def4ae6e08fa4af88e34","ingredientCount":312,"inventoryCount":124}
{"timestamp":"2025-08-23T07:10:26.320Z","level":"PERFORMANCE","message":"Performance: Warehouse Stock Fetch took 100ms","operation":"Warehouse Stock Fetch","duration":"100ms","storeId":"6878def4ae6e08fa4af88e34","ingredientCount":312,"inventoryCount":124}
{"timestamp":"2025-08-23T07:16:39.502Z","level":"PERFORMANCE","message":"Performance: Warehouse Stock Fetch took 84ms","operation":"Warehouse Stock Fetch","duration":"84ms","storeId":"6878def4ae6e08fa4af88e34","ingredientCount":312,"inventoryCount":124}
{"timestamp":"2025-08-23T07:16:39.616Z","level":"PERFORMANCE","message":"Performance: Warehouse Stock Fetch took 106ms","operation":"Warehouse Stock Fetch","duration":"106ms","storeId":"6878def4ae6e08fa4af88e34","ingredientCount":312,"inventoryCount":124}
{"timestamp":"2025-08-23T07:17:06.010Z","level":"PERFORMANCE","message":"Performance: Warehouse Stock Fetch took 105ms","operation":"Warehouse Stock Fetch","duration":"105ms","storeId":"6878def4ae6e08fa4af88e34","ingredientCount":312,"inventoryCount":124}
{"timestamp":"2025-08-23T07:17:06.131Z","level":"PERFORMANCE","message":"Performance: Warehouse Stock Fetch took 111ms","operation":"Warehouse Stock Fetch","duration":"111ms","storeId":"6878def4ae6e08fa4af88e34","ingredientCount":312,"inventoryCount":124}
{"timestamp":"2025-08-23T07:17:10.562Z","level":"PERFORMANCE","message":"Performance: Warehouse Stock Fetch took 89ms","operation":"Warehouse Stock Fetch","duration":"89ms","storeId":"6878def4ae6e08fa4af88e34","ingredientCount":312,"inventoryCount":124}
{"timestamp":"2025-08-23T07:17:10.657Z","level":"PERFORMANCE","message":"Performance: Warehouse Stock Fetch took 87ms","operation":"Warehouse Stock Fetch","duration":"87ms","storeId":"6878def4ae6e08fa4af88e34","ingredientCount":312,"inventoryCount":124}
{"timestamp":"2025-08-23T07:21:14.912Z","level":"PERFORMANCE","message":"Performance: Warehouse Stock Fetch took 111ms","operation":"Warehouse Stock Fetch","duration":"111ms","storeId":"6878def4ae6e08fa4af88e34","ingredientCount":312,"inventoryCount":124}
{"timestamp":"2025-08-23T07:21:15.014Z","level":"PERFORMANCE","message":"Performance: Warehouse Stock Fetch took 87ms","operation":"Warehouse Stock Fetch","duration":"87ms","storeId":"6878def4ae6e08fa4af88e34","ingredientCount":312,"inventoryCount":124}
{"timestamp":"2025-08-23T07:26:42.810Z","level":"PERFORMANCE","message":"Performance: Warehouse Stock Fetch took 113ms","operation":"Warehouse Stock Fetch","duration":"113ms","storeId":"6878def4ae6e08fa4af88e34","ingredientCount":312,"inventoryCount":124}
{"timestamp":"2025-08-23T07:26:42.922Z","level":"PERFORMANCE","message":"Performance: Warehouse Stock Fetch took 100ms","operation":"Warehouse Stock Fetch","duration":"100ms","storeId":"6878def4ae6e08fa4af88e34","ingredientCount":312,"inventoryCount":124}
{"timestamp":"2025-08-23T07:26:49.637Z","level":"PERFORMANCE","message":"Performance: Warehouse Stock Fetch took 99ms","operation":"Warehouse Stock Fetch","duration":"99ms","storeId":"6878def4ae6e08fa4af88e34","ingredientCount":312,"inventoryCount":124}
{"timestamp":"2025-08-23T07:27:41.041Z","level":"PERFORMANCE","message":"Performance: Warehouse Stock Fetch took 85ms","operation":"Warehouse Stock Fetch","duration":"85ms","storeId":"6878def4ae6e08fa4af88e34","ingredientCount":312,"inventoryCount":124}
{"timestamp":"2025-08-23T07:27:41.165Z","level":"PERFORMANCE","message":"Performance: Warehouse Stock Fetch took 115ms","operation":"Warehouse Stock Fetch","duration":"115ms","storeId":"6878def4ae6e08fa4af88e34","ingredientCount":313,"inventoryCount":124}
{"timestamp":"2025-08-23T07:32:22.710Z","level":"PERFORMANCE","message":"Performance: Warehouse Stock Fetch took 95ms","operation":"Warehouse Stock Fetch","duration":"95ms","storeId":"6878def4ae6e08fa4af88e34","ingredientCount":313,"inventoryCount":124}
{"timestamp":"2025-08-23T07:32:24.238Z","level":"PERFORMANCE","message":"Performance: Warehouse Stock Fetch took 95ms","operation":"Warehouse Stock Fetch","duration":"95ms","storeId":"6878def4ae6e08fa4af88e34","ingredientCount":313,"inventoryCount":124}
{"timestamp":"2025-08-23T07:32:24.347Z","level":"PERFORMANCE","message":"Performance: Warehouse Stock Fetch took 101ms","operation":"Warehouse Stock Fetch","duration":"101ms","storeId":"6878def4ae6e08fa4af88e34","ingredientCount":313,"inventoryCount":124}
{"timestamp":"2025-08-23T07:32:54.404Z","level":"PERFORMANCE","message":"Performance: Warehouse Stock Fetch took 100ms","operation":"Warehouse Stock Fetch","duration":"100ms","storeId":"6878def4ae6e08fa4af88e34","ingredientCount":313,"inventoryCount":124}
{"timestamp":"2025-08-23T07:32:54.506Z","level":"PERFORMANCE","message":"Performance: Warehouse Stock Fetch took 92ms","operation":"Warehouse Stock Fetch","duration":"92ms","storeId":"6878def4ae6e08fa4af88e34","ingredientCount":313,"inventoryCount":124}
{"timestamp":"2025-08-23T07:33:02.399Z","level":"PERFORMANCE","message":"Performance: Warehouse Stock Fetch took 105ms","operation":"Warehouse Stock Fetch","duration":"105ms","storeId":"6878def4ae6e08fa4af88e34","ingredientCount":313,"inventoryCount":124}
{"timestamp":"2025-08-23T07:33:02.532Z","level":"PERFORMANCE","message":"Performance: Warehouse Stock Fetch took 125ms","operation":"Warehouse Stock Fetch","duration":"125ms","storeId":"6878def4ae6e08fa4af88e34","ingredientCount":313,"inventoryCount":124}
{"timestamp":"2025-08-23T07:33:19.252Z","level":"PERFORMANCE","message":"Performance: Warehouse Stock Fetch took 97ms","operation":"Warehouse Stock Fetch","duration":"97ms","storeId":"6878def4ae6e08fa4af88e34","ingredientCount":313,"inventoryCount":124}
{"timestamp":"2025-08-23T07:33:19.364Z","level":"PERFORMANCE","message":"Performance: Warehouse Stock Fetch took 104ms","operation":"Warehouse Stock Fetch","duration":"104ms","storeId":"6878def4ae6e08fa4af88e34","ingredientCount":313,"inventoryCount":124}
{"timestamp":"2025-08-23T07:33:42.778Z","level":"PERFORMANCE","message":"Performance: Warehouse Stock Fetch took 99ms","operation":"Warehouse Stock Fetch","duration":"99ms","storeId":"6878def4ae6e08fa4af88e34","ingredientCount":313,"inventoryCount":124}
{"timestamp":"2025-08-23T07:33:42.871Z","level":"PERFORMANCE","message":"Performance: Warehouse Stock Fetch took 86ms","operation":"Warehouse Stock Fetch","duration":"86ms","storeId":"6878def4ae6e08fa4af88e34","ingredientCount":313,"inventoryCount":124}
{"timestamp":"2025-08-23T07:33:58.058Z","level":"PERFORMANCE","message":"Performance: Warehouse Stock Fetch took 99ms","operation":"Warehouse Stock Fetch","duration":"99ms","storeId":"6878def4ae6e08fa4af88e34","ingredientCount":313,"inventoryCount":124}
{"timestamp":"2025-08-23T07:33:58.138Z","level":"PERFORMANCE","message":"Performance: Warehouse Stock Fetch took 71ms","operation":"Warehouse Stock Fetch","duration":"71ms","storeId":"6878def4ae6e08fa4af88e34","ingredientCount":313,"inventoryCount":124}
{"timestamp":"2025-08-23T07:35:06.266Z","level":"PERFORMANCE","message":"Performance: Warehouse Stock Fetch took 94ms","operation":"Warehouse Stock Fetch","duration":"94ms","storeId":"6878def4ae6e08fa4af88e34","ingredientCount":313,"inventoryCount":124}
{"timestamp":"2025-08-23T07:35:06.384Z","level":"PERFORMANCE","message":"Performance: Warehouse Stock Fetch took 107ms","operation":"Warehouse Stock Fetch","duration":"107ms","storeId":"6878def4ae6e08fa4af88e34","ingredientCount":313,"inventoryCount":124}
{"timestamp":"2025-08-23T07:36:55.810Z","level":"PERFORMANCE","message":"Performance: Warehouse Stock Fetch took 101ms","operation":"Warehouse Stock Fetch","duration":"101ms","storeId":"6878def4ae6e08fa4af88e34","ingredientCount":313,"inventoryCount":124}
{"timestamp":"2025-08-23T07:36:55.895Z","level":"PERFORMANCE","message":"Performance: Warehouse Stock Fetch took 76ms","operation":"Warehouse Stock Fetch","duration":"76ms","storeId":"6878def4ae6e08fa4af88e34","ingredientCount":313,"inventoryCount":124}
{"timestamp":"2025-08-23T07:37:10.652Z","level":"PERFORMANCE","message":"Performance: Warehouse Stock Fetch took 120ms","operation":"Warehouse Stock Fetch","duration":"120ms","storeId":"6878def4ae6e08fa4af88e34","ingredientCount":313,"inventoryCount":124}
{"timestamp":"2025-08-23T07:37:10.764Z","level":"PERFORMANCE","message":"Performance: Warehouse Stock Fetch took 103ms","operation":"Warehouse Stock Fetch","duration":"103ms","storeId":"6878def4ae6e08fa4af88e34","ingredientCount":313,"inventoryCount":124}
{"timestamp":"2025-08-23T07:38:03.310Z","level":"PERFORMANCE","message":"Performance: Warehouse Stock Fetch took 223ms","operation":"Warehouse Stock Fetch","duration":"223ms","storeId":"6878def4ae6e08fa4af88e34","ingredientCount":313,"inventoryCount":124}
{"timestamp":"2025-08-23T07:38:03.453Z","level":"PERFORMANCE","message":"Performance: Warehouse Stock Fetch took 134ms","operation":"Warehouse Stock Fetch","duration":"134ms","storeId":"6878def4ae6e08fa4af88e34","ingredientCount":313,"inventoryCount":124}
{"timestamp":"2025-08-23T07:38:27.672Z","level":"PERFORMANCE","message":"Performance: Warehouse Stock Fetch took 98ms","operation":"Warehouse Stock Fetch","duration":"98ms","storeId":"6878def4ae6e08fa4af88e34","ingredientCount":313,"inventoryCount":124}
{"timestamp":"2025-08-23T07:38:27.883Z","level":"PERFORMANCE","message":"Performance: Warehouse Stock Fetch took 122ms","operation":"Warehouse Stock Fetch","duration":"122ms","storeId":"6878def4ae6e08fa4af88e34","ingredientCount":313,"inventoryCount":124}
{"timestamp":"2025-08-23T07:41:22.055Z","level":"PERFORMANCE","message":"Performance: Warehouse Stock Fetch took 80ms","operation":"Warehouse Stock Fetch","duration":"80ms","storeId":"6878def4ae6e08fa4af88e34","ingredientCount":313,"inventoryCount":124}
{"timestamp":"2025-08-23T07:41:22.164Z","level":"PERFORMANCE","message":"Performance: Warehouse Stock Fetch took 101ms","operation":"Warehouse Stock Fetch","duration":"101ms","storeId":"6878def4ae6e08fa4af88e34","ingredientCount":313,"inventoryCount":124}
{"timestamp":"2025-08-23T07:54:58.911Z","level":"PERFORMANCE","message":"Performance: Warehouse Stock Fetch took 111ms","operation":"Warehouse Stock Fetch","duration":"111ms","storeId":"6878def4ae6e08fa4af88e34","ingredientCount":313,"inventoryCount":124}
{"timestamp":"2025-08-23T07:54:59.031Z","level":"PERFORMANCE","message":"Performance: Warehouse Stock Fetch took 113ms","operation":"Warehouse Stock Fetch","duration":"113ms","storeId":"6878def4ae6e08fa4af88e34","ingredientCount":313,"inventoryCount":124}
{"timestamp":"2025-08-23T07:55:12.183Z","level":"PERFORMANCE","message":"Performance: Warehouse Stock Fetch took 101ms","operation":"Warehouse Stock Fetch","duration":"101ms","storeId":"6878def4ae6e08fa4af88e34","ingredientCount":313,"inventoryCount":124}
{"timestamp":"2025-08-23T07:58:23.252Z","level":"PERFORMANCE","message":"Performance: Warehouse Stock Fetch took 119ms","operation":"Warehouse Stock Fetch","duration":"119ms","storeId":"6878def4ae6e08fa4af88e34","ingredientCount":313,"inventoryCount":124}
{"timestamp":"2025-08-23T07:58:41.222Z","level":"PERFORMANCE","message":"Performance: Warehouse Stock Fetch took 99ms","operation":"Warehouse Stock Fetch","duration":"99ms","storeId":"6878def4ae6e08fa4af88e34","ingredientCount":313,"inventoryCount":124}
{"timestamp":"2025-08-23T07:59:12.652Z","level":"PERFORMANCE","message":"Performance: Warehouse Stock Fetch took 89ms","operation":"Warehouse Stock Fetch","duration":"89ms","storeId":"6878def4ae6e08fa4af88e34","ingredientCount":313,"inventoryCount":124}
{"timestamp":"2025-08-23T07:59:12.740Z","level":"PERFORMANCE","message":"Performance: Warehouse Stock Fetch took 81ms","operation":"Warehouse Stock Fetch","duration":"81ms","storeId":"6878def4ae6e08fa4af88e34","ingredientCount":313,"inventoryCount":124}
{"timestamp":"2025-08-23T07:59:22.523Z","level":"PERFORMANCE","message":"Performance: Warehouse Stock Fetch took 114ms","operation":"Warehouse Stock Fetch","duration":"114ms","storeId":"6878def4ae6e08fa4af88e34","ingredientCount":313,"inventoryCount":124}
{"timestamp":"2025-08-23T07:59:22.682Z","level":"PERFORMANCE","message":"Performance: Warehouse Stock Fetch took 151ms","operation":"Warehouse Stock Fetch","duration":"151ms","storeId":"6878def4ae6e08fa4af88e34","ingredientCount":313,"inventoryCount":124}
{"timestamp":"2025-08-23T07:59:38.225Z","level":"PERFORMANCE","message":"Performance: Warehouse Stock Fetch took 91ms","operation":"Warehouse Stock Fetch","duration":"91ms","storeId":"6878def4ae6e08fa4af88e34","ingredientCount":313,"inventoryCount":124}
{"timestamp":"2025-08-23T07:59:38.352Z","level":"PERFORMANCE","message":"Performance: Warehouse Stock Fetch took 116ms","operation":"Warehouse Stock Fetch","duration":"116ms","storeId":"6878def4ae6e08fa4af88e34","ingredientCount":313,"inventoryCount":124}
{"timestamp":"2025-08-23T08:01:20.109Z","level":"PERFORMANCE","message":"Performance: Warehouse Stock Fetch took 122ms","operation":"Warehouse Stock Fetch","duration":"122ms","storeId":"6878def4ae6e08fa4af88e34","ingredientCount":313,"inventoryCount":124}
{"timestamp":"2025-08-23T08:01:20.203Z","level":"PERFORMANCE","message":"Performance: Warehouse Stock Fetch took 86ms","operation":"Warehouse Stock Fetch","duration":"86ms","storeId":"6878def4ae6e08fa4af88e34","ingredientCount":313,"inventoryCount":124}
{"timestamp":"2025-08-23T08:04:12.671Z","level":"PERFORMANCE","message":"Performance: Slow API Response took 2449ms","operation":"Slow API Response","duration":"2449ms","method":"GET","url":"/api/dashboard/summary?periodType=daily&date=2025-08-23","statusCode":304}
{"timestamp":"2025-08-23T08:04:12.674Z","level":"PERFORMANCE","message":"Performance: Warehouse Stock Fetch took 2451ms","operation":"Warehouse Stock Fetch","duration":"2451ms","storeId":"6878def4ae6e08fa4af88e34","ingredientCount":313,"inventoryCount":124}
{"timestamp":"2025-08-23T08:04:12.676Z","level":"PERFORMANCE","message":"Performance: Slow API Response took 2453ms","operation":"Slow API Response","duration":"2453ms","method":"GET","url":"/api/warehouse/stock","statusCode":200}
{"timestamp":"2025-08-23T08:04:13.661Z","level":"PERFORMANCE","message":"Performance: Warehouse Stock Fetch took 972ms","operation":"Warehouse Stock Fetch","duration":"972ms","storeId":"6878def4ae6e08fa4af88e34","ingredientCount":313,"inventoryCount":124}
{"timestamp":"2025-08-23T08:04:17.039Z","level":"PERFORMANCE","message":"Performance: Warehouse Stock Fetch took 81ms","operation":"Warehouse Stock Fetch","duration":"81ms","storeId":"6878def4ae6e08fa4af88e34","ingredientCount":313,"inventoryCount":124}
{"timestamp":"2025-08-23T08:04:17.146Z","level":"PERFORMANCE","message":"Performance: Warehouse Stock Fetch took 98ms","operation":"Warehouse Stock Fetch","duration":"98ms","storeId":"6878def4ae6e08fa4af88e34","ingredientCount":313,"inventoryCount":124}
{"timestamp":"2025-08-23T08:04:29.013Z","level":"PERFORMANCE","message":"Performance: Warehouse Stock Fetch took 188ms","operation":"Warehouse Stock Fetch","duration":"188ms","storeId":"6878def4ae6e08fa4af88e34","ingredientCount":313,"inventoryCount":124}
{"timestamp":"2025-08-23T08:04:29.134Z","level":"PERFORMANCE","message":"Performance: Warehouse Stock Fetch took 113ms","operation":"Warehouse Stock Fetch","duration":"113ms","storeId":"6878def4ae6e08fa4af88e34","ingredientCount":313,"inventoryCount":124}
{"timestamp":"2025-08-23T08:04:37.213Z","level":"PERFORMANCE","message":"Performance: Warehouse Stock Fetch took 120ms","operation":"Warehouse Stock Fetch","duration":"120ms","storeId":"6878def4ae6e08fa4af88e34","ingredientCount":313,"inventoryCount":124}
{"timestamp":"2025-08-23T08:04:37.342Z","level":"PERFORMANCE","message":"Performance: Warehouse Stock Fetch took 118ms","operation":"Warehouse Stock Fetch","duration":"118ms","storeId":"6878def4ae6e08fa4af88e34","ingredientCount":313,"inventoryCount":124}
{"timestamp":"2025-08-23T08:05:19.342Z","level":"PERFORMANCE","message":"Performance: Warehouse Stock Fetch took 105ms","operation":"Warehouse Stock Fetch","duration":"105ms","storeId":"6878def4ae6e08fa4af88e34","ingredientCount":313,"inventoryCount":124}
{"timestamp":"2025-08-23T08:05:19.455Z","level":"PERFORMANCE","message":"Performance: Warehouse Stock Fetch took 102ms","operation":"Warehouse Stock Fetch","duration":"102ms","storeId":"6878def4ae6e08fa4af88e34","ingredientCount":313,"inventoryCount":124}
{"timestamp":"2025-08-23T08:06:14.904Z","level":"PERFORMANCE","message":"Performance: Warehouse Stock Fetch took 95ms","operation":"Warehouse Stock Fetch","duration":"95ms","storeId":"6878def4ae6e08fa4af88e34","ingredientCount":313,"inventoryCount":124}
{"timestamp":"2025-08-23T08:06:15.016Z","level":"PERFORMANCE","message":"Performance: Warehouse Stock Fetch took 102ms","operation":"Warehouse Stock Fetch","duration":"102ms","storeId":"6878def4ae6e08fa4af88e34","ingredientCount":313,"inventoryCount":124}
{"timestamp":"2025-08-23T08:07:23.533Z","level":"PERFORMANCE","message":"Performance: Slow API Response took 5767ms","operation":"Slow API Response","duration":"5767ms","method":"GET","url":"/api/stores","statusCode":304}
{"timestamp":"2025-08-23T08:07:33.225Z","level":"PERFORMANCE","message":"Performance: Slow API Response took 9668ms","operation":"Slow API Response","duration":"9668ms","method":"GET","url":"/api/stores","statusCode":304}
{"timestamp":"2025-08-23T08:07:33.299Z","level":"PERFORMANCE","message":"Performance: Warehouse Stock Fetch took 9748ms","operation":"Warehouse Stock Fetch","duration":"9748ms","storeId":"6878def4ae6e08fa4af88e34","ingredientCount":313,"inventoryCount":124}
{"timestamp":"2025-08-23T08:07:33.324Z","level":"PERFORMANCE","message":"Performance: Slow API Response took 9767ms","operation":"Slow API Response","duration":"9767ms","method":"GET","url":"/api/warehouse/stock","statusCode":200}
{"timestamp":"2025-08-23T08:07:33.341Z","level":"PERFORMANCE","message":"Performance: Slow API Response took 9792ms","operation":"Slow API Response","duration":"9792ms","method":"GET","url":"/api/dashboard/summary?periodType=daily&date=2025-08-23","statusCode":304}
{"timestamp":"2025-08-23T08:07:33.468Z","level":"PERFORMANCE","message":"Performance: Warehouse Stock Fetch took 115ms","operation":"Warehouse Stock Fetch","duration":"115ms","storeId":"6878def4ae6e08fa4af88e34","ingredientCount":313,"inventoryCount":124}
{"timestamp":"2025-08-23T08:07:46.209Z","level":"PERFORMANCE","message":"Performance: Warehouse Stock Fetch took 227ms","operation":"Warehouse Stock Fetch","duration":"227ms","storeId":"6878def4ae6e08fa4af88e34","ingredientCount":313,"inventoryCount":124}
{"timestamp":"2025-08-23T08:07:46.343Z","level":"PERFORMANCE","message":"Performance: Warehouse Stock Fetch took 122ms","operation":"Warehouse Stock Fetch","duration":"122ms","storeId":"6878def4ae6e08fa4af88e34","ingredientCount":313,"inventoryCount":124}
{"timestamp":"2025-08-23T08:08:20.741Z","level":"PERFORMANCE","message":"Performance: Warehouse Stock Fetch took 112ms","operation":"Warehouse Stock Fetch","duration":"112ms","storeId":"6878def4ae6e08fa4af88e34","ingredientCount":313,"inventoryCount":124}
{"timestamp":"2025-08-23T08:08:20.858Z","level":"PERFORMANCE","message":"Performance: Warehouse Stock Fetch took 108ms","operation":"Warehouse Stock Fetch","duration":"108ms","storeId":"6878def4ae6e08fa4af88e34","ingredientCount":313,"inventoryCount":124}
{"timestamp":"2025-08-23T08:08:45.901Z","level":"PERFORMANCE","message":"Performance: Warehouse Stock Fetch took 93ms","operation":"Warehouse Stock Fetch","duration":"93ms","storeId":"6878def4ae6e08fa4af88e34","ingredientCount":313,"inventoryCount":124}
{"timestamp":"2025-08-23T08:08:45.991Z","level":"PERFORMANCE","message":"Performance: Warehouse Stock Fetch took 81ms","operation":"Warehouse Stock Fetch","duration":"81ms","storeId":"6878def4ae6e08fa4af88e34","ingredientCount":313,"inventoryCount":124}
{"timestamp":"2025-08-23T08:09:07.236Z","level":"PERFORMANCE","message":"Performance: Warehouse Stock Fetch took 123ms","operation":"Warehouse Stock Fetch","duration":"123ms","storeId":"6878def4ae6e08fa4af88e34","ingredientCount":313,"inventoryCount":124}
{"timestamp":"2025-08-23T08:09:07.365Z","level":"PERFORMANCE","message":"Performance: Warehouse Stock Fetch took 113ms","operation":"Warehouse Stock Fetch","duration":"113ms","storeId":"6878def4ae6e08fa4af88e34","ingredientCount":313,"inventoryCount":124}
{"timestamp":"2025-08-23T08:10:56.487Z","level":"PERFORMANCE","message":"Performance: Warehouse Stock Fetch took 94ms","operation":"Warehouse Stock Fetch","duration":"94ms","storeId":"6878def4ae6e08fa4af88e34","ingredientCount":313,"inventoryCount":124}
{"timestamp":"2025-08-23T08:10:56.606Z","level":"PERFORMANCE","message":"Performance: Warehouse Stock Fetch took 108ms","operation":"Warehouse Stock Fetch","duration":"108ms","storeId":"6878def4ae6e08fa4af88e34","ingredientCount":313,"inventoryCount":124}
{"timestamp":"2025-08-23T08:12:41.972Z","level":"PERFORMANCE","message":"Performance: Warehouse Stock Fetch took 118ms","operation":"Warehouse Stock Fetch","duration":"118ms","storeId":"6878def4ae6e08fa4af88e34","ingredientCount":313,"inventoryCount":124}
{"timestamp":"2025-08-23T08:12:42.093Z","level":"PERFORMANCE","message":"Performance: Warehouse Stock Fetch took 110ms","operation":"Warehouse Stock Fetch","duration":"110ms","storeId":"6878def4ae6e08fa4af88e34","ingredientCount":313,"inventoryCount":124}
{"timestamp":"2025-08-23T08:13:11.523Z","level":"PERFORMANCE","message":"Performance: Warehouse Stock Fetch took 94ms","operation":"Warehouse Stock Fetch","duration":"94ms","storeId":"6878def4ae6e08fa4af88e34","ingredientCount":313,"inventoryCount":124}
{"timestamp":"2025-08-23T08:13:11.604Z","level":"PERFORMANCE","message":"Performance: Warehouse Stock Fetch took 72ms","operation":"Warehouse Stock Fetch","duration":"72ms","storeId":"6878def4ae6e08fa4af88e34","ingredientCount":313,"inventoryCount":124}
{"timestamp":"2025-08-23T08:13:59.140Z","level":"PERFORMANCE","message":"Performance: Warehouse Stock Fetch took 104ms","operation":"Warehouse Stock Fetch","duration":"104ms","storeId":"6878def4ae6e08fa4af88e34","ingredientCount":313,"inventoryCount":124}
{"timestamp":"2025-08-23T08:13:59.248Z","level":"PERFORMANCE","message":"Performance: Warehouse Stock Fetch took 100ms","operation":"Warehouse Stock Fetch","duration":"100ms","storeId":"6878def4ae6e08fa4af88e34","ingredientCount":313,"inventoryCount":124}
{"timestamp":"2025-08-23T08:14:37.602Z","level":"PERFORMANCE","message":"Performance: Warehouse Stock Fetch took 99ms","operation":"Warehouse Stock Fetch","duration":"99ms","storeId":"6878def4ae6e08fa4af88e34","ingredientCount":313,"inventoryCount":124}
{"timestamp":"2025-08-23T08:14:38.005Z","level":"PERFORMANCE","message":"Performance: Warehouse Stock Fetch took 108ms","operation":"Warehouse Stock Fetch","duration":"108ms","storeId":"6878def4ae6e08fa4af88e34","ingredientCount":313,"inventoryCount":124}
{"timestamp":"2025-08-23T08:19:01.810Z","level":"PERFORMANCE","message":"Performance: Warehouse Stock Fetch took 87ms","operation":"Warehouse Stock Fetch","duration":"87ms","storeId":"6878def4ae6e08fa4af88e34","ingredientCount":313,"inventoryCount":124}
{"timestamp":"2025-08-23T08:19:02.171Z","level":"PERFORMANCE","message":"Performance: Warehouse Stock Fetch took 106ms","operation":"Warehouse Stock Fetch","duration":"106ms","storeId":"6878def4ae6e08fa4af88e34","ingredientCount":313,"inventoryCount":124}
